<?xml version="1.0" encoding="UTF-8"?>
<testng-results ignored="0" total="0" passed="0" failed="0" skipped="0">
  <reporter-output>
  </reporter-output>
  <suite started-at="2023-01-30T21:54:15 EST" name="Default suite" finished-at="2023-01-30T21:54:15 EST" duration-ms="13">
    <groups>
    </groups>
    <test started-at="2023-01-30T21:54:15 EST" name="Default test" finished-at="2023-01-30T21:54:15 EST" duration-ms="13">
    </test> <!-- Default test -->
  </suite> <!-- Default suite -->
</testng-results>
